Creating Management Cluster...
ERROR: failed to create cluster: node(s) already exist for a cluster with the name "management"
Kubernetes control plane is running at https://127.0.0.1:34799
CoreDNS is running at https://127.0.0.1:34799/api/v1/namespaces/kube-system/services/kube-dns:dns/proxy

To further debug and diagnose cluster problems, use 'kubectl cluster-info dump'.
Error from server (AlreadyExists): namespaces "argocd" already exists
customresourcedefinition.apiextensions.k8s.io/applications.argoproj.io unchanged
customresourcedefinition.apiextensions.k8s.io/applicationsets.argoproj.io unchanged
customresourcedefinition.apiextensions.k8s.io/appprojects.argoproj.io unchanged
serviceaccount/argocd-application-controller unchanged
serviceaccount/argocd-applicationset-controller unchanged
serviceaccount/argocd-dex-server unchanged
serviceaccount/argocd-notifications-controller unchanged
serviceaccount/argocd-redis unchanged
serviceaccount/argocd-repo-server unchanged
serviceaccount/argocd-server unchanged
role.rbac.authorization.k8s.io/argocd-application-controller unchanged
role.rbac.authorization.k8s.io/argocd-applicationset-controller unchanged
role.rbac.authorization.k8s.io/argocd-dex-server unchanged
role.rbac.authorization.k8s.io/argocd-notifications-controller unchanged
role.rbac.authorization.k8s.io/argocd-redis unchanged
role.rbac.authorization.k8s.io/argocd-server unchanged
clusterrole.rbac.authorization.k8s.io/argocd-application-controller unchanged
clusterrole.rbac.authorization.k8s.io/argocd-applicationset-controller unchanged
clusterrole.rbac.authorization.k8s.io/argocd-server unchanged
rolebinding.rbac.authorization.k8s.io/argocd-application-controller unchanged
rolebinding.rbac.authorization.k8s.io/argocd-applicationset-controller unchanged
rolebinding.rbac.authorization.k8s.io/argocd-dex-server unchanged
rolebinding.rbac.authorization.k8s.io/argocd-notifications-controller unchanged
rolebinding.rbac.authorization.k8s.io/argocd-redis unchanged
rolebinding.rbac.authorization.k8s.io/argocd-server unchanged
clusterrolebinding.rbac.authorization.k8s.io/argocd-application-controller unchanged
clusterrolebinding.rbac.authorization.k8s.io/argocd-applicationset-controller unchanged
clusterrolebinding.rbac.authorization.k8s.io/argocd-server unchanged
configmap/argocd-cm unchanged
configmap/argocd-cmd-params-cm unchanged
configmap/argocd-gpg-keys-cm unchanged
configmap/argocd-notifications-cm unchanged
configmap/argocd-rbac-cm unchanged
configmap/argocd-ssh-known-hosts-cm unchanged
configmap/argocd-tls-certs-cm unchanged
secret/argocd-notifications-secret unchanged
secret/argocd-secret unchanged
service/argocd-applicationset-controller unchanged
service/argocd-dex-server unchanged
service/argocd-metrics unchanged
service/argocd-notifications-controller-metrics unchanged
service/argocd-redis unchanged
service/argocd-repo-server unchanged
service/argocd-server unchanged
service/argocd-server-metrics unchanged
deployment.apps/argocd-applicationset-controller unchanged
deployment.apps/argocd-dex-server unchanged
deployment.apps/argocd-notifications-controller unchanged
deployment.apps/argocd-redis unchanged
deployment.apps/argocd-repo-server unchanged
deployment.apps/argocd-server unchanged
statefulset.apps/argocd-application-controller unchanged
networkpolicy.networking.k8s.io/argocd-application-controller-network-policy configured
networkpolicy.networking.k8s.io/argocd-applicationset-controller-network-policy unchanged
networkpolicy.networking.k8s.io/argocd-dex-server-network-policy unchanged
networkpolicy.networking.k8s.io/argocd-notifications-controller-network-policy unchanged
networkpolicy.networking.k8s.io/argocd-redis-network-policy unchanged
networkpolicy.networking.k8s.io/argocd-repo-server-network-policy configured
networkpolicy.networking.k8s.io/argocd-server-network-policy unchanged
persistentvolume/argocd-repo-server-pv unchanged
persistentvolumeclaim/argocd-repo-server-pvc unchanged
persistentvolume/argocd-server-pv unchanged
persistentvolumeclaim/argocd-server-pvc unchanged
pod/argocd-server-57d9cc9bcf-42h6m condition met
service/argocd-server patched (no change)
